<?xml version="1.0" encoding="UTF-8"?>
<testng-results ignored="0" total="5" passed="5" failed="0" skipped="0">
  <reporter-output>
  </reporter-output>
  <suite started-at="2024-05-14T16:54:41 GST" name="Suite" finished-at="2024-05-14T16:56:12 GST" duration-ms="91162">
    <groups>
      <group name="ErrorHandling">
        <method signature="ErrorValidationTest.loginError()[pri:0, instance:firstmavenproject.tests.ErrorValidationTest@1e5f4170]" name="loginError" class="firstmavenproject.tests.ErrorValidationTest"/>
      </group> <!-- ErrorHandling -->
      <group name="Purchase">
        <method signature="SubmitOrderCopyTest.SubmitOrder(java.util.HashMap)[pri:0, instance:firstmavenproject.tests.SubmitOrderCopyTest@1536602f]" name="SubmitOrder" class="firstmavenproject.tests.SubmitOrderCopyTest"/>
      </group> <!-- Purchase -->
    </groups>
    <test started-at="2024-05-14T16:54:41 GST" name="Error Validations" finished-at="2024-05-14T16:55:27 GST" duration-ms="46287">
      <class name="firstmavenproject.tests.ErrorValidationTest">
        <test-method is-config="true" signature="launchApplication()[pri:0, instance:firstmavenproject.tests.ErrorValidationTest@1e5f4170]" started-at="2024-05-14T16:54:41 GST" name="launchApplication" finished-at="2024-05-14T16:55:19 GST" duration-ms="38677" status="PASS">
          <reporter-output>
          </reporter-output>
        </test-method> <!-- launchApplication -->
        <test-method signature="loginError()[pri:0, instance:firstmavenproject.tests.ErrorValidationTest@1e5f4170]" started-at="2024-05-14T16:55:19 GST" name="loginError" finished-at="2024-05-14T16:55:21 GST" duration-ms="1377" status="PASS">
          <reporter-output>
          </reporter-output>
        </test-method> <!-- loginError -->
        <test-method is-config="true" signature="TearDown()[pri:0, instance:firstmavenproject.tests.ErrorValidationTest@1e5f4170]" started-at="2024-05-14T16:55:21 GST" name="TearDown" finished-at="2024-05-14T16:55:21 GST" duration-ms="267" status="PASS">
          <reporter-output>
          </reporter-output>
        </test-method> <!-- TearDown -->
        <test-method is-config="true" signature="launchApplication()[pri:0, instance:firstmavenproject.tests.ErrorValidationTest@1e5f4170]" started-at="2024-05-14T16:55:21 GST" name="launchApplication" finished-at="2024-05-14T16:55:23 GST" duration-ms="2518" status="PASS">
          <reporter-output>
          </reporter-output>
        </test-method> <!-- launchApplication -->
        <test-method signature="productError()[pri:0, instance:firstmavenproject.tests.ErrorValidationTest@1e5f4170]" started-at="2024-05-14T16:55:23 GST" name="productError" finished-at="2024-05-14T16:55:27 GST" duration-ms="3230" status="PASS">
          <reporter-output>
          </reporter-output>
        </test-method> <!-- productError -->
        <test-method is-config="true" signature="TearDown()[pri:0, instance:firstmavenproject.tests.ErrorValidationTest@1e5f4170]" started-at="2024-05-14T16:55:27 GST" name="TearDown" finished-at="2024-05-14T16:55:27 GST" duration-ms="120" status="PASS">
          <reporter-output>
          </reporter-output>
        </test-method> <!-- TearDown -->
      </class> <!-- firstmavenproject.tests.ErrorValidationTest -->
    </test> <!-- Error Validations -->
    <test started-at="2024-05-14T16:54:41 GST" name="Submit Orders" finished-at="2024-05-14T16:56:12 GST" duration-ms="91162">
      <class name="firstmavenproject.tests.SubmitOrderCopyTest">
        <test-method is-config="true" signature="launchApplication()[pri:0, instance:firstmavenproject.tests.SubmitOrderCopyTest@1536602f]" started-at="2024-05-14T16:54:41 GST" name="launchApplication" finished-at="2024-05-14T16:55:19 GST" duration-ms="38222" status="PASS">
          <reporter-output>
          </reporter-output>
        </test-method> <!-- launchApplication -->
        <test-method signature="SubmitOrder(java.util.HashMap)[pri:0, instance:firstmavenproject.tests.SubmitOrderCopyTest@1536602f]" started-at="2024-05-14T16:55:19 GST" name="SubmitOrder" data-provider="getData" finished-at="2024-05-14T16:55:25 GST" duration-ms="5624" status="PASS">
          <params>
            <param index="0">
              <value>
                <![CDATA[{password=Aahi@2008, product=ADIDAS ORIGINAL, email=Shakkila.blr@gmail.com}]]>
              </value>
            </param>
          </params>
          <reporter-output>
          </reporter-output>
        </test-method> <!-- SubmitOrder -->
        <test-method is-config="true" signature="TearDown()[pri:0, instance:firstmavenproject.tests.SubmitOrderCopyTest@1536602f]" started-at="2024-05-14T16:55:25 GST" name="TearDown" finished-at="2024-05-14T16:55:25 GST" duration-ms="138" status="PASS">
          <reporter-output>
          </reporter-output>
        </test-method> <!-- TearDown -->
        <test-method is-config="true" signature="launchApplication()[pri:0, instance:firstmavenproject.tests.SubmitOrderCopyTest@1536602f]" started-at="2024-05-14T16:55:25 GST" name="launchApplication" finished-at="2024-05-14T16:55:27 GST" duration-ms="2025" status="PASS">
          <reporter-output>
          </reporter-output>
        </test-method> <!-- launchApplication -->
        <test-method signature="SubmitOrder(java.util.HashMap)[pri:0, instance:firstmavenproject.tests.SubmitOrderCopyTest@1536602f]" started-at="2024-05-14T16:55:27 GST" name="SubmitOrder" data-provider="getData" finished-at="2024-05-14T16:55:33 GST" duration-ms="5765" status="PASS">
          <params>
            <param index="0">
              <value>
                <![CDATA[{password=Aahi@2008, product=ZARA COAT 3, email=aahilihs253@gmail.com}]]>
              </value>
            </param>
          </params>
          <reporter-output>
          </reporter-output>
        </test-method> <!-- SubmitOrder -->
        <test-method is-config="true" signature="TearDown()[pri:0, instance:firstmavenproject.tests.SubmitOrderCopyTest@1536602f]" started-at="2024-05-14T16:55:33 GST" name="TearDown" finished-at="2024-05-14T16:55:33 GST" duration-ms="293" status="PASS">
          <reporter-output>
          </reporter-output>
        </test-method> <!-- TearDown -->
        <test-method is-config="true" signature="launchApplication()[pri:0, instance:firstmavenproject.tests.SubmitOrderCopyTest@1536602f]" started-at="2024-05-14T16:55:33 GST" name="launchApplication" finished-at="2024-05-14T16:56:09 GST" duration-ms="36317" status="PASS">
          <reporter-output>
          </reporter-output>
        </test-method> <!-- launchApplication -->
        <test-method signature="OrderHistory()[pri:0, instance:firstmavenproject.tests.SubmitOrderCopyTest@1536602f]" started-at="2024-05-14T16:56:09 GST" name="OrderHistory" finished-at="2024-05-14T16:56:11 GST" depends-on-methods="firstmavenproject.tests.SubmitOrderCopyTest.SubmitOrder" duration-ms="2060" status="PASS">
          <reporter-output>
          </reporter-output>
        </test-method> <!-- OrderHistory -->
        <test-method is-config="true" signature="TearDown()[pri:0, instance:firstmavenproject.tests.SubmitOrderCopyTest@1536602f]" started-at="2024-05-14T16:56:11 GST" name="TearDown" finished-at="2024-05-14T16:56:12 GST" duration-ms="181" status="PASS">
          <reporter-output>
          </reporter-output>
        </test-method> <!-- TearDown -->
      </class> <!-- firstmavenproject.tests.SubmitOrderCopyTest -->
    </test> <!-- Submit Orders -->
  </suite> <!-- Suite -->
</testng-results>
