<?xml version="1.0" encoding="UTF-8"?>
<!-- Generated by org.testng.reporters.JUnitXMLReporter -->
<testsuite ignored="0" hostname="Shakkila" failures="0" tests="2" name="Error Validations" time="0.127" errors="0" timestamp="2024-05-12T23:26:36 GST">
  <testcase classname="firstmavenproject.tests.ErrorValidationTest" name="loginError" time="0.0">
    <skipped/>
  </testcase> <!-- loginError -->
  <testcase classname="firstmavenproject.tests.ErrorValidationTest" name="productError" time="0.001">
    <skipped/>
  </testcase> <!-- productError -->
</testsuite> <!-- Error Validations -->
