<?xml version="1.0" encoding="UTF-8"?>
<!-- Generated by org.testng.reporters.JUnitXMLReporter -->
<testsuite ignored="0" hostname="Shakkila" failures="0" tests="3" name="Submit Orders" time="91.162" errors="0" timestamp="2024-05-14T16:56:12 GST">
  <testcase classname="firstmavenproject.tests.SubmitOrderCopyTest" name="SubmitOrder" time="5.624"/>
  <testcase classname="firstmavenproject.tests.SubmitOrderCopyTest" name="SubmitOrder" time="5.765"/>
  <testcase classname="firstmavenproject.tests.SubmitOrderCopyTest" name="OrderHistory" time="2.06"/>
</testsuite> <!-- Submit Orders -->
