<?xml version="1.0" encoding="UTF-8"?>
<!-- Generated by org.testng.reporters.JUnitXMLReporter -->
<testsuite ignored="0" hostname="Shakkila" failures="1" tests="4" name="Test1" time="7.827" errors="0" timestamp="2024-05-06T06:58:19 GST">
  <testcase classname="firstmavenproject.tests.SubmitOrderCopyTest" name="SubmitOrder" time="0.0">
    <failure type="org.testng.TestNGException" message="
Cannot inject @Test annotated Method [SubmitOrder] with [class java.lang.String, class java.lang.String, class java.lang.String].
For more information on native dependency injection please refer to https://testng.org/doc/documentation-main.html#native-dependency-injection">
      <![CDATA[org.testng.TestNGException: 
Cannot inject @Test annotated Method [SubmitOrder] with [class java.lang.String, class java.lang.String, class java.lang.String].
For more information on native dependency injection please refer to https://testng.org/doc/documentation-main.html#native-dependency-injection
at java.base/java.util.ArrayList.forEach(ArrayList.java:1596)
... Removed 26 stack frames]]>
    </failure>
  </testcase> <!-- SubmitOrder -->
  <testcase classname="firstmavenproject.tests.SubmitOrderCopyTest" name="OrderHistory" time="0.0">
    <skipped/>
  </testcase> <!-- OrderHistory -->
  <testcase classname="firstmavenproject.tests.ErrorValidationTest" name="loginError" time="1.137"/>
  <testcase classname="firstmavenproject.tests.ErrorValidationTest" name="productError" time="2.279"/>
</testsuite> <!-- Test1 -->
